This file contains any messages produced by compilers while
running configure, to aid debugging if configure makes a mistake.

It was created by GridWay configure 5.8.0, which was
generated by GNU Autoconf 2.65.  Invocation command line was

  $ ./configure --prefix=/home/antonio/Documentos/drm4g_source/build_3/drm4g

## --------- ##
## Platform. ##
## --------- ##

hostname = diluvio
uname -m = x86_64
uname -r = 4.4.0-31-generic
uname -s = Linux
uname -v = #50-Ubuntu SMP Wed Jul 13 00:07:12 UTC 2016

/usr/bin/uname -p = unknown
/bin/uname -X     = unknown

/bin/arch              = unknown
/usr/bin/arch -k       = unknown
/usr/convex/getsysinfo = unknown
/usr/bin/hostinfo      = unknown
/bin/machine           = unknown
/usr/bin/oslevel       = unknown
/bin/universe          = unknown

PATH: /usr/local/sbin
PATH: /usr/local/bin
PATH: /usr/sbin
PATH: /usr/bin
PATH: /sbin
PATH: /bin
PATH: /usr/games
PATH: /usr/local/games
PATH: /snap/bin


## ----------- ##
## Core tests. ##
## ----------- ##

configure:2616: checking build system type
configure:2630: result: x86_64-unknown-linux-gnu
configure:2957: checking for gawk
configure:2987: result: no
configure:2957: checking for mawk
configure:2973: found /usr/bin/mawk
configure:2984: result: mawk
configure:2999: checking for bison
configure:3029: result: no
configure:2999: checking for byacc
configure:3029: result: no
configure:3086: checking for gcc
configure:3102: found /usr/bin/gcc
configure:3113: result: gcc
configure:3342: checking for C compiler version
configure:3351: gcc --version >&5
gcc (Ubuntu 5.4.0-6ubuntu1~16.04.1) 5.4.0 20160609
Copyright (C) 2015 Free Software Foundation, Inc.
This is free software; see the source for copying conditions.  There is NO
warranty; not even for MERCHANTABILITY or FITNESS FOR A PARTICULAR PURPOSE.

configure:3362: $? = 0
configure:3351: gcc -v >&5
Using built-in specs.
COLLECT_GCC=gcc
COLLECT_LTO_WRAPPER=/usr/lib/gcc/x86_64-linux-gnu/5/lto-wrapper
Target: x86_64-linux-gnu
Configured with: ../src/configure -v --with-pkgversion='Ubuntu 5.4.0-6ubuntu1~16.04.1' --with-bugurl=file:///usr/share/doc/gcc-5/README.Bugs --enable-languages=c,ada,c++,java,go,d,fortran,objc,obj-c++ --prefix=/usr --program-suffix=-5 --enable-shared --enable-linker-build-id --libexecdir=/usr/lib --without-included-gettext --enable-threads=posix --libdir=/usr/lib --enable-nls --with-sysroot=/ --enable-clocale=gnu --enable-libstdcxx-debug --enable-libstdcxx-time=yes --with-default-libstdcxx-abi=new --enable-gnu-unique-object --disable-vtable-verify --enable-libmpx --enable-plugin --with-system-zlib --disable-browser-plugin --enable-java-awt=gtk --enable-gtk-cairo --with-java-home=/usr/lib/jvm/java-1.5.0-gcj-5-amd64/jre --enable-java-home --with-jvm-root-dir=/usr/lib/jvm/java-1.5.0-gcj-5-amd64 --with-jvm-jar-dir=/usr/lib/jvm-exports/java-1.5.0-gcj-5-amd64 --with-arch-directory=amd64 --with-ecj-jar=/usr/share/java/eclipse-ecj.jar --enable-objc-gc --enable-multiarch --disable-werror --with-arch-32=i686 --with-abi=m64 --with-multilib-list=m32,m64,mx32 --enable-multilib --with-tune=generic --enable-checking=release --build=x86_64-linux-gnu --host=x86_64-linux-gnu --target=x86_64-linux-gnu
Thread model: posix
gcc version 5.4.0 20160609 (Ubuntu 5.4.0-6ubuntu1~16.04.1) 
configure:3362: $? = 0
configure:3351: gcc -V >&5
gcc: error: unrecognized command line option '-V'
gcc: fatal error: no input files
compilation terminated.
configure:3362: $? = 1
configure:3351: gcc -qversion >&5
gcc: error: unrecognized command line option '-qversion'
gcc: fatal error: no input files
compilation terminated.
configure:3362: $? = 1
configure:3382: checking whether the C compiler works
configure:3404: gcc    conftest.c  >&5
configure:3408: $? = 0
configure:3457: result: yes
configure:3460: checking for C compiler default output file name
configure:3462: result: a.out
configure:3468: checking for suffix of executables
configure:3475: gcc -o conftest    conftest.c  >&5
configure:3479: $? = 0
configure:3501: result: 
configure:3523: checking whether we are cross compiling
configure:3531: gcc -o conftest    conftest.c  >&5
configure:3535: $? = 0
configure:3542: ./conftest
configure:3546: $? = 0
configure:3561: result: no
configure:3566: checking for suffix of object files
configure:3588: gcc -c   conftest.c >&5
configure:3592: $? = 0
configure:3613: result: o
configure:3617: checking whether we are using the GNU C compiler
configure:3636: gcc -c   conftest.c >&5
configure:3636: $? = 0
configure:3645: result: yes
configure:3654: checking whether gcc accepts -g
configure:3674: gcc -c -g  conftest.c >&5
configure:3674: $? = 0
configure:3715: result: yes
configure:3732: checking for gcc option to accept ISO C89
configure:3796: gcc  -c -g -O2  conftest.c >&5
configure:3796: $? = 0
configure:3809: result: none needed
configure:3887: checking for g++
configure:3903: found /usr/bin/g++
configure:3914: result: g++
configure:3941: checking for C++ compiler version
configure:3950: g++ --version >&5
g++ (Ubuntu 5.4.0-6ubuntu1~16.04.1) 5.4.0 20160609
Copyright (C) 2015 Free Software Foundation, Inc.
This is free software; see the source for copying conditions.  There is NO
warranty; not even for MERCHANTABILITY or FITNESS FOR A PARTICULAR PURPOSE.

configure:3961: $? = 0
configure:3950: g++ -v >&5
Using built-in specs.
COLLECT_GCC=g++
COLLECT_LTO_WRAPPER=/usr/lib/gcc/x86_64-linux-gnu/5/lto-wrapper
Target: x86_64-linux-gnu
Configured with: ../src/configure -v --with-pkgversion='Ubuntu 5.4.0-6ubuntu1~16.04.1' --with-bugurl=file:///usr/share/doc/gcc-5/README.Bugs --enable-languages=c,ada,c++,java,go,d,fortran,objc,obj-c++ --prefix=/usr --program-suffix=-5 --enable-shared --enable-linker-build-id --libexecdir=/usr/lib --without-included-gettext --enable-threads=posix --libdir=/usr/lib --enable-nls --with-sysroot=/ --enable-clocale=gnu --enable-libstdcxx-debug --enable-libstdcxx-time=yes --with-default-libstdcxx-abi=new --enable-gnu-unique-object --disable-vtable-verify --enable-libmpx --enable-plugin --with-system-zlib --disable-browser-plugin --enable-java-awt=gtk --enable-gtk-cairo --with-java-home=/usr/lib/jvm/java-1.5.0-gcj-5-amd64/jre --enable-java-home --with-jvm-root-dir=/usr/lib/jvm/java-1.5.0-gcj-5-amd64 --with-jvm-jar-dir=/usr/lib/jvm-exports/java-1.5.0-gcj-5-amd64 --with-arch-directory=amd64 --with-ecj-jar=/usr/share/java/eclipse-ecj.jar --enable-objc-gc --enable-multiarch --disable-werror --with-arch-32=i686 --with-abi=m64 --with-multilib-list=m32,m64,mx32 --enable-multilib --with-tune=generic --enable-checking=release --build=x86_64-linux-gnu --host=x86_64-linux-gnu --target=x86_64-linux-gnu
Thread model: posix
gcc version 5.4.0 20160609 (Ubuntu 5.4.0-6ubuntu1~16.04.1) 
configure:3961: $? = 0
configure:3950: g++ -V >&5
g++: error: unrecognized command line option '-V'
g++: fatal error: no input files
compilation terminated.
configure:3961: $? = 1
configure:3950: g++ -qversion >&5
g++: error: unrecognized command line option '-qversion'
g++: fatal error: no input files
compilation terminated.
configure:3961: $? = 1
configure:3965: checking whether we are using the GNU C++ compiler
configure:3984: g++ -c   conftest.cpp >&5
configure:3984: $? = 0
configure:3993: result: yes
configure:4002: checking whether g++ accepts -g
configure:4022: g++ -c -g  conftest.cpp >&5
configure:4022: $? = 0
configure:4063: result: yes
configure:4086: checking whether ln -s works
configure:4090: result: yes
configure:4097: checking whether make sets $(MAKE)
configure:4119: result: yes
configure:4131: checking for javac
configure:4164: result: no
configure:4171: WARNING: "A Java compiler is needed for GridWay's DRMAA Java and JSDL"
configure:4176: WARNING: "JAVA_HOME is not set
configure:4200: checking for a BSD-compatible install
configure:4268: result: /usr/bin/install -c
configure:4279: checking whether build environment is sane
configure:4329: result: yes
configure:4470: checking for a thread-safe mkdir -p
configure:4509: result: /bin/mkdir -p
configure:4539: checking for style of include used by make
configure:4567: result: GNU
configure:4646: checking how to create a ustar tar archive
configure:4659: tar --version
tar (GNU tar) 1.28
Copyright (C) 2014 Free Software Foundation, Inc.
License GPLv3+: GNU GPL version 3 or later <http://gnu.org/licenses/gpl.html>.
This is free software: you are free to change and redistribute it.
There is NO WARRANTY, to the extent permitted by law.

Written by John Gilmore and Jay Fenlason.
configure:4662: $? = 0
configure:4702: tardir=conftest.dir && eval tar --format=ustar -chf - "$tardir" >conftest.tar
configure:4705: $? = 0
configure:4709: tar -xf - <conftest.tar
configure:4712: $? = 0
configure:4725: result: gnutar
configure:4733: checking dependency style of gcc
configure:4843: result: none
configure:4860: checking dependency style of g++
configure:4970: result: none
configure:4987: checking whether gcc and cc understand -c and -o together
configure:5018: gcc -c conftest.c -o conftest2.o >&5
configure:5022: $? = 0
configure:5028: gcc -c conftest.c -o conftest2.o >&5
configure:5032: $? = 0
configure:5043: cc -c conftest.c >&5
configure:5047: $? = 0
configure:5055: cc -c conftest.c -o conftest2.o >&5
configure:5059: $? = 0
configure:5065: cc -c conftest.c -o conftest2.o >&5
configure:5069: $? = 0
configure:5087: result: yes
configure:5117: checking for flex
configure:5147: result: no
configure:5117: checking for lex
configure:5147: result: no
configure:5278: checking for pthread_cond_wait in -lpthread
configure:5303: gcc -o conftest -g -O2   conftest.c -lpthread   >&5
configure:5303: $? = 0
configure:5312: result: yes
configure:5380: checking for dirent.h that defines DIR
configure:5399: gcc -c -g -O2  conftest.c >&5
configure:5399: $? = 0
configure:5407: result: yes
configure:5421: checking for library containing opendir
configure:5452: gcc -o conftest -g -O2   conftest.c -lpthread  >&5
configure:5452: $? = 0
configure:5469: result: none required
configure:5541: checking how to run the C preprocessor
configure:5572: gcc -E  conftest.c
configure:5572: $? = 0
configure:5586: gcc -E  conftest.c
conftest.c:13:28: fatal error: ac_nonexistent.h: No such file or directory
compilation terminated.
configure:5586: $? = 1
configure: failed program was:
| /* confdefs.h */
| #define PACKAGE_NAME "GridWay"
| #define PACKAGE_TARNAME "gridway"
| #define PACKAGE_VERSION "5.8.0"
| #define PACKAGE_STRING "GridWay 5.8.0"
| #define PACKAGE_BUGREPORT "contact@gridway.org"
| #define PACKAGE_URL "http://gridway.org"
| #define PACKAGE "gridway"
| #define VERSION "5.8.0"
| #define HAVE_LIBPTHREAD 1
| #define HAVE_DIRENT_H 1
| /* end confdefs.h.  */
| #include <ac_nonexistent.h>
configure:5611: result: gcc -E
configure:5631: gcc -E  conftest.c
configure:5631: $? = 0
configure:5645: gcc -E  conftest.c
conftest.c:13:28: fatal error: ac_nonexistent.h: No such file or directory
compilation terminated.
configure:5645: $? = 1
configure: failed program was:
| /* confdefs.h */
| #define PACKAGE_NAME "GridWay"
| #define PACKAGE_TARNAME "gridway"
| #define PACKAGE_VERSION "5.8.0"
| #define PACKAGE_STRING "GridWay 5.8.0"
| #define PACKAGE_BUGREPORT "contact@gridway.org"
| #define PACKAGE_URL "http://gridway.org"
| #define PACKAGE "gridway"
| #define VERSION "5.8.0"
| #define HAVE_LIBPTHREAD 1
| #define HAVE_DIRENT_H 1
| /* end confdefs.h.  */
| #include <ac_nonexistent.h>
configure:5674: checking for grep that handles long lines and -e
configure:5732: result: /bin/grep
configure:5737: checking for egrep
configure:5799: result: /bin/grep -E
configure:5804: checking for ANSI C header files
configure:5824: gcc -c -g -O2  conftest.c >&5
configure:5824: $? = 0
configure:5897: gcc -o conftest -g -O2   conftest.c -lpthread  >&5
configure:5897: $? = 0
configure:5897: ./conftest
configure:5897: $? = 0
configure:5908: result: yes
configure:5916: checking for sys/wait.h that is POSIX.1 compatible
configure:5942: gcc -c -g -O2  conftest.c >&5
configure:5942: $? = 0
configure:5949: result: yes
configure:5963: checking for sys/types.h
configure:5963: gcc -c -g -O2  conftest.c >&5
configure:5963: $? = 0
configure:5963: result: yes
configure:5963: checking for sys/stat.h
configure:5963: gcc -c -g -O2  conftest.c >&5
configure:5963: $? = 0
configure:5963: result: yes
configure:5963: checking for stdlib.h
configure:5963: gcc -c -g -O2  conftest.c >&5
configure:5963: $? = 0
configure:5963: result: yes
configure:5963: checking for string.h
configure:5963: gcc -c -g -O2  conftest.c >&5
configure:5963: $? = 0
configure:5963: result: yes
configure:5963: checking for memory.h
configure:5963: gcc -c -g -O2  conftest.c >&5
configure:5963: $? = 0
configure:5963: result: yes
configure:5963: checking for strings.h
configure:5963: gcc -c -g -O2  conftest.c >&5
configure:5963: $? = 0
configure:5963: result: yes
configure:5963: checking for inttypes.h
configure:5963: gcc -c -g -O2  conftest.c >&5
configure:5963: $? = 0
configure:5963: result: yes
configure:5963: checking for stdint.h
configure:5963: gcc -c -g -O2  conftest.c >&5
configure:5963: $? = 0
configure:5963: result: yes
configure:5963: checking for unistd.h
configure:5963: gcc -c -g -O2  conftest.c >&5
configure:5963: $? = 0
configure:5963: result: yes
configure:5979: checking arpa/inet.h usability
configure:5979: gcc -c -g -O2  conftest.c >&5
configure:5979: $? = 0
configure:5979: result: yes
configure:5979: checking arpa/inet.h presence
configure:5979: gcc -E  conftest.c
configure:5979: $? = 0
configure:5979: result: yes
configure:5979: checking for arpa/inet.h
configure:5979: result: yes
configure:5979: checking fcntl.h usability
configure:5979: gcc -c -g -O2  conftest.c >&5
configure:5979: $? = 0
configure:5979: result: yes
configure:5979: checking fcntl.h presence
configure:5979: gcc -E  conftest.c
configure:5979: $? = 0
configure:5979: result: yes
configure:5979: checking for fcntl.h
configure:5979: result: yes
configure:5979: checking for inttypes.h
configure:5979: result: yes
configure:5979: checking libintl.h usability
configure:5979: gcc -c -g -O2  conftest.c >&5
configure:5979: $? = 0
configure:5979: result: yes
configure:5979: checking libintl.h presence
configure:5979: gcc -E  conftest.c
configure:5979: $? = 0
configure:5979: result: yes
configure:5979: checking for libintl.h
configure:5979: result: yes
configure:5979: checking limits.h usability
configure:5979: gcc -c -g -O2  conftest.c >&5
configure:5979: $? = 0
configure:5979: result: yes
configure:5979: checking limits.h presence
configure:5979: gcc -E  conftest.c
configure:5979: $? = 0
configure:5979: result: yes
configure:5979: checking for limits.h
configure:5979: result: yes
configure:5979: checking netdb.h usability
configure:5979: gcc -c -g -O2  conftest.c >&5
configure:5979: $? = 0
configure:5979: result: yes
configure:5979: checking netdb.h presence
configure:5979: gcc -E  conftest.c
configure:5979: $? = 0
configure:5979: result: yes
configure:5979: checking for netdb.h
configure:5979: result: yes
configure:5979: checking netinet/in.h usability
configure:5979: gcc -c -g -O2  conftest.c >&5
configure:5979: $? = 0
configure:5979: result: yes
configure:5979: checking netinet/in.h presence
configure:5979: gcc -E  conftest.c
configure:5979: $? = 0
configure:5979: result: yes
configure:5979: checking for netinet/in.h
configure:5979: result: yes
configure:5979: checking stddef.h usability
configure:5979: gcc -c -g -O2  conftest.c >&5
configure:5979: $? = 0
configure:5979: result: yes
configure:5979: checking stddef.h presence
configure:5979: gcc -E  conftest.c
configure:5979: $? = 0
configure:5979: result: yes
configure:5979: checking for stddef.h
configure:5979: result: yes
configure:5979: checking for stdlib.h
configure:5979: result: yes
configure:5979: checking for string.h
configure:5979: result: yes
configure:5979: checking sys/socket.h usability
configure:5979: gcc -c -g -O2  conftest.c >&5
configure:5979: $? = 0
configure:5979: result: yes
configure:5979: checking sys/socket.h presence
configure:5979: gcc -E  conftest.c
configure:5979: $? = 0
configure:5979: result: yes
configure:5979: checking for sys/socket.h
configure:5979: result: yes
configure:5979: checking for unistd.h
configure:5979: result: yes
configure:5979: checking float.h usability
configure:5979: gcc -c -g -O2  conftest.c >&5
configure:5979: $? = 0
configure:5979: result: yes
configure:5979: checking float.h presence
configure:5979: gcc -E  conftest.c
configure:5979: $? = 0
configure:5979: result: yes
configure:5979: checking for float.h
configure:5979: result: yes
configure:5979: checking malloc.h usability
configure:5979: gcc -c -g -O2  conftest.c >&5
configure:5979: $? = 0
configure:5979: result: yes
configure:5979: checking malloc.h presence
configure:5979: gcc -E  conftest.c
configure:5979: $? = 0
configure:5979: result: yes
configure:5979: checking for malloc.h
configure:5979: result: yes
configure:5996: checking for an ANSI C-conforming const
configure:6061: gcc -c -g -O2  conftest.c >&5
configure:6061: $? = 0
configure:6068: result: yes
configure:6076: checking for inline
configure:6092: gcc -c -g -O2  conftest.c >&5
configure:6092: $? = 0
configure:6100: result: inline
configure:6118: checking for mode_t
configure:6118: gcc -c -g -O2  conftest.c >&5
configure:6118: $? = 0
configure:6118: gcc -c -g -O2  conftest.c >&5
conftest.c: In function 'main':
conftest.c:74:21: error: expected expression before ')' token
 if (sizeof ((mode_t)))
                     ^
configure:6118: $? = 1
configure: failed program was:
| /* confdefs.h */
| #define PACKAGE_NAME "GridWay"
| #define PACKAGE_TARNAME "gridway"
| #define PACKAGE_VERSION "5.8.0"
| #define PACKAGE_STRING "GridWay 5.8.0"
| #define PACKAGE_BUGREPORT "contact@gridway.org"
| #define PACKAGE_URL "http://gridway.org"
| #define PACKAGE "gridway"
| #define VERSION "5.8.0"
| #define HAVE_LIBPTHREAD 1
| #define HAVE_DIRENT_H 1
| #define STDC_HEADERS 1
| #define HAVE_SYS_WAIT_H 1
| #define HAVE_SYS_TYPES_H 1
| #define HAVE_SYS_STAT_H 1
| #define HAVE_STDLIB_H 1
| #define HAVE_STRING_H 1
| #define HAVE_MEMORY_H 1
| #define HAVE_STRINGS_H 1
| #define HAVE_INTTYPES_H 1
| #define HAVE_STDINT_H 1
| #define HAVE_UNISTD_H 1
| #define HAVE_ARPA_INET_H 1
| #define HAVE_FCNTL_H 1
| #define HAVE_INTTYPES_H 1
| #define HAVE_LIBINTL_H 1
| #define HAVE_LIMITS_H 1
| #define HAVE_NETDB_H 1
| #define HAVE_NETINET_IN_H 1
| #define HAVE_STDDEF_H 1
| #define HAVE_STDLIB_H 1
| #define HAVE_STRING_H 1
| #define HAVE_SYS_SOCKET_H 1
| #define HAVE_UNISTD_H 1
| #define HAVE_FLOAT_H 1
| #define HAVE_MALLOC_H 1
| /* end confdefs.h.  */
| #include <stdio.h>
| #ifdef HAVE_SYS_TYPES_H
| # include <sys/types.h>
| #endif
| #ifdef HAVE_SYS_STAT_H
| # include <sys/stat.h>
| #endif
| #ifdef STDC_HEADERS
| # include <stdlib.h>
| # include <stddef.h>
| #else
| # ifdef HAVE_STDLIB_H
| #  include <stdlib.h>
| # endif
| #endif
| #ifdef HAVE_STRING_H
| # if !defined STDC_HEADERS && defined HAVE_MEMORY_H
| #  include <memory.h>
| # endif
| # include <string.h>
| #endif
| #ifdef HAVE_STRINGS_H
| # include <strings.h>
| #endif
| #ifdef HAVE_INTTYPES_H
| # include <inttypes.h>
| #endif
| #ifdef HAVE_STDINT_H
| # include <stdint.h>
| #endif
| #ifdef HAVE_UNISTD_H
| # include <unistd.h>
| #endif
| int
| main ()
| {
| if (sizeof ((mode_t)))
| 	    return 0;
|   ;
|   return 0;
| }
configure:6118: result: yes
configure:6129: checking for pid_t
configure:6129: gcc -c -g -O2  conftest.c >&5
configure:6129: $? = 0
configure:6129: gcc -c -g -O2  conftest.c >&5
conftest.c: In function 'main':
conftest.c:74:20: error: expected expression before ')' token
 if (sizeof ((pid_t)))
                    ^
configure:6129: $? = 1
configure: failed program was:
| /* confdefs.h */
| #define PACKAGE_NAME "GridWay"
| #define PACKAGE_TARNAME "gridway"
| #define PACKAGE_VERSION "5.8.0"
| #define PACKAGE_STRING "GridWay 5.8.0"
| #define PACKAGE_BUGREPORT "contact@gridway.org"
| #define PACKAGE_URL "http://gridway.org"
| #define PACKAGE "gridway"
| #define VERSION "5.8.0"
| #define HAVE_LIBPTHREAD 1
| #define HAVE_DIRENT_H 1
| #define STDC_HEADERS 1
| #define HAVE_SYS_WAIT_H 1
| #define HAVE_SYS_TYPES_H 1
| #define HAVE_SYS_STAT_H 1
| #define HAVE_STDLIB_H 1
| #define HAVE_STRING_H 1
| #define HAVE_MEMORY_H 1
| #define HAVE_STRINGS_H 1
| #define HAVE_INTTYPES_H 1
| #define HAVE_STDINT_H 1
| #define HAVE_UNISTD_H 1
| #define HAVE_ARPA_INET_H 1
| #define HAVE_FCNTL_H 1
| #define HAVE_INTTYPES_H 1
| #define HAVE_LIBINTL_H 1
| #define HAVE_LIMITS_H 1
| #define HAVE_NETDB_H 1
| #define HAVE_NETINET_IN_H 1
| #define HAVE_STDDEF_H 1
| #define HAVE_STDLIB_H 1
| #define HAVE_STRING_H 1
| #define HAVE_SYS_SOCKET_H 1
| #define HAVE_UNISTD_H 1
| #define HAVE_FLOAT_H 1
| #define HAVE_MALLOC_H 1
| /* end confdefs.h.  */
| #include <stdio.h>
| #ifdef HAVE_SYS_TYPES_H
| # include <sys/types.h>
| #endif
| #ifdef HAVE_SYS_STAT_H
| # include <sys/stat.h>
| #endif
| #ifdef STDC_HEADERS
| # include <stdlib.h>
| # include <stddef.h>
| #else
| # ifdef HAVE_STDLIB_H
| #  include <stdlib.h>
| # endif
| #endif
| #ifdef HAVE_STRING_H
| # if !defined STDC_HEADERS && defined HAVE_MEMORY_H
| #  include <memory.h>
| # endif
| # include <string.h>
| #endif
| #ifdef HAVE_STRINGS_H
| # include <strings.h>
| #endif
| #ifdef HAVE_INTTYPES_H
| # include <inttypes.h>
| #endif
| #ifdef HAVE_STDINT_H
| # include <stdint.h>
| #endif
| #ifdef HAVE_UNISTD_H
| # include <unistd.h>
| #endif
| int
| main ()
| {
| if (sizeof ((pid_t)))
| 	    return 0;
|   ;
|   return 0;
| }
configure:6129: result: yes
configure:6140: checking for size_t
configure:6140: gcc -c -g -O2  conftest.c >&5
configure:6140: $? = 0
configure:6140: gcc -c -g -O2  conftest.c >&5
conftest.c: In function 'main':
conftest.c:74:21: error: expected expression before ')' token
 if (sizeof ((size_t)))
                     ^
configure:6140: $? = 1
configure: failed program was:
| /* confdefs.h */
| #define PACKAGE_NAME "GridWay"
| #define PACKAGE_TARNAME "gridway"
| #define PACKAGE_VERSION "5.8.0"
| #define PACKAGE_STRING "GridWay 5.8.0"
| #define PACKAGE_BUGREPORT "contact@gridway.org"
| #define PACKAGE_URL "http://gridway.org"
| #define PACKAGE "gridway"
| #define VERSION "5.8.0"
| #define HAVE_LIBPTHREAD 1
| #define HAVE_DIRENT_H 1
| #define STDC_HEADERS 1
| #define HAVE_SYS_WAIT_H 1
| #define HAVE_SYS_TYPES_H 1
| #define HAVE_SYS_STAT_H 1
| #define HAVE_STDLIB_H 1
| #define HAVE_STRING_H 1
| #define HAVE_MEMORY_H 1
| #define HAVE_STRINGS_H 1
| #define HAVE_INTTYPES_H 1
| #define HAVE_STDINT_H 1
| #define HAVE_UNISTD_H 1
| #define HAVE_ARPA_INET_H 1
| #define HAVE_FCNTL_H 1
| #define HAVE_INTTYPES_H 1
| #define HAVE_LIBINTL_H 1
| #define HAVE_LIMITS_H 1
| #define HAVE_NETDB_H 1
| #define HAVE_NETINET_IN_H 1
| #define HAVE_STDDEF_H 1
| #define HAVE_STDLIB_H 1
| #define HAVE_STRING_H 1
| #define HAVE_SYS_SOCKET_H 1
| #define HAVE_UNISTD_H 1
| #define HAVE_FLOAT_H 1
| #define HAVE_MALLOC_H 1
| /* end confdefs.h.  */
| #include <stdio.h>
| #ifdef HAVE_SYS_TYPES_H
| # include <sys/types.h>
| #endif
| #ifdef HAVE_SYS_STAT_H
| # include <sys/stat.h>
| #endif
| #ifdef STDC_HEADERS
| # include <stdlib.h>
| # include <stddef.h>
| #else
| # ifdef HAVE_STDLIB_H
| #  include <stdlib.h>
| # endif
| #endif
| #ifdef HAVE_STRING_H
| # if !defined STDC_HEADERS && defined HAVE_MEMORY_H
| #  include <memory.h>
| # endif
| # include <string.h>
| #endif
| #ifdef HAVE_STRINGS_H
| # include <strings.h>
| #endif
| #ifdef HAVE_INTTYPES_H
| # include <inttypes.h>
| #endif
| #ifdef HAVE_STDINT_H
| # include <stdint.h>
| #endif
| #ifdef HAVE_UNISTD_H
| # include <unistd.h>
| #endif
| int
| main ()
| {
| if (sizeof ((size_t)))
| 	    return 0;
|   ;
|   return 0;
| }
configure:6140: result: yes
configure:6151: checking whether time.h and sys/time.h may both be included
configure:6171: gcc -c -g -O2  conftest.c >&5
configure:6171: $? = 0
configure:6178: result: yes
configure:6186: checking whether struct tm is in sys/time.h or time.h
configure:6206: gcc -c -g -O2  conftest.c >&5
configure:6206: $? = 0
configure:6213: result: time.h
configure:6228: checking for working alloca.h
configure:6245: gcc -o conftest -g -O2   conftest.c -lpthread  >&5
configure:6245: $? = 0
configure:6253: result: yes
configure:6261: checking for alloca
configure:6298: gcc -o conftest -g -O2   conftest.c -lpthread  >&5
configure:6298: $? = 0
configure:6306: result: yes
configure:6416: checking for mbstate_t
configure:6433: gcc -c -g -O2  conftest.c >&5
configure:6433: $? = 0
configure:6440: result: yes
configure:6451: checking for working POSIX fnmatch
configure:6484: gcc -o conftest -g -O2   conftest.c -lpthread  >&5
configure:6484: $? = 0
configure:6484: ./conftest
configure:6484: $? = 0
configure:6494: result: yes
configure:6554: checking vfork.h usability
configure:6554: gcc -c -g -O2  conftest.c >&5
conftest.c:75:19: fatal error: vfork.h: No such file or directory
compilation terminated.
configure:6554: $? = 1
configure: failed program was:
| /* confdefs.h */
| #define PACKAGE_NAME "GridWay"
| #define PACKAGE_TARNAME "gridway"
| #define PACKAGE_VERSION "5.8.0"
| #define PACKAGE_STRING "GridWay 5.8.0"
| #define PACKAGE_BUGREPORT "contact@gridway.org"
| #define PACKAGE_URL "http://gridway.org"
| #define PACKAGE "gridway"
| #define VERSION "5.8.0"
| #define HAVE_LIBPTHREAD 1
| #define HAVE_DIRENT_H 1
| #define STDC_HEADERS 1
| #define HAVE_SYS_WAIT_H 1
| #define HAVE_SYS_TYPES_H 1
| #define HAVE_SYS_STAT_H 1
| #define HAVE_STDLIB_H 1
| #define HAVE_STRING_H 1
| #define HAVE_MEMORY_H 1
| #define HAVE_STRINGS_H 1
| #define HAVE_INTTYPES_H 1
| #define HAVE_STDINT_H 1
| #define HAVE_UNISTD_H 1
| #define HAVE_ARPA_INET_H 1
| #define HAVE_FCNTL_H 1
| #define HAVE_INTTYPES_H 1
| #define HAVE_LIBINTL_H 1
| #define HAVE_LIMITS_H 1
| #define HAVE_NETDB_H 1
| #define HAVE_NETINET_IN_H 1
| #define HAVE_STDDEF_H 1
| #define HAVE_STDLIB_H 1
| #define HAVE_STRING_H 1
| #define HAVE_SYS_SOCKET_H 1
| #define HAVE_UNISTD_H 1
| #define HAVE_FLOAT_H 1
| #define HAVE_MALLOC_H 1
| #define TIME_WITH_SYS_TIME 1
| #define HAVE_ALLOCA_H 1
| #define HAVE_ALLOCA 1
| #define HAVE_MBSTATE_T 1
| /* end confdefs.h.  */
| #include <stdio.h>
| #ifdef HAVE_SYS_TYPES_H
| # include <sys/types.h>
| #endif
| #ifdef HAVE_SYS_STAT_H
| # include <sys/stat.h>
| #endif
| #ifdef STDC_HEADERS
| # include <stdlib.h>
| # include <stddef.h>
| #else
| # ifdef HAVE_STDLIB_H
| #  include <stdlib.h>
| # endif
| #endif
| #ifdef HAVE_STRING_H
| # if !defined STDC_HEADERS && defined HAVE_MEMORY_H
| #  include <memory.h>
| # endif
| # include <string.h>
| #endif
| #ifdef HAVE_STRINGS_H
| # include <strings.h>
| #endif
| #ifdef HAVE_INTTYPES_H
| # include <inttypes.h>
| #endif
| #ifdef HAVE_STDINT_H
| # include <stdint.h>
| #endif
| #ifdef HAVE_UNISTD_H
| # include <unistd.h>
| #endif
| #include <vfork.h>
configure:6554: result: no
configure:6554: checking vfork.h presence
configure:6554: gcc -E  conftest.c
conftest.c:42:19: fatal error: vfork.h: No such file or directory
compilation terminated.
configure:6554: $? = 1
configure: failed program was:
| /* confdefs.h */
| #define PACKAGE_NAME "GridWay"
| #define PACKAGE_TARNAME "gridway"
| #define PACKAGE_VERSION "5.8.0"
| #define PACKAGE_STRING "GridWay 5.8.0"
| #define PACKAGE_BUGREPORT "contact@gridway.org"
| #define PACKAGE_URL "http://gridway.org"
| #define PACKAGE "gridway"
| #define VERSION "5.8.0"
| #define HAVE_LIBPTHREAD 1
| #define HAVE_DIRENT_H 1
| #define STDC_HEADERS 1
| #define HAVE_SYS_WAIT_H 1
| #define HAVE_SYS_TYPES_H 1
| #define HAVE_SYS_STAT_H 1
| #define HAVE_STDLIB_H 1
| #define HAVE_STRING_H 1
| #define HAVE_MEMORY_H 1
| #define HAVE_STRINGS_H 1
| #define HAVE_INTTYPES_H 1
| #define HAVE_STDINT_H 1
| #define HAVE_UNISTD_H 1
| #define HAVE_ARPA_INET_H 1
| #define HAVE_FCNTL_H 1
| #define HAVE_INTTYPES_H 1
| #define HAVE_LIBINTL_H 1
| #define HAVE_LIMITS_H 1
| #define HAVE_NETDB_H 1
| #define HAVE_NETINET_IN_H 1
| #define HAVE_STDDEF_H 1
| #define HAVE_STDLIB_H 1
| #define HAVE_STRING_H 1
| #define HAVE_SYS_SOCKET_H 1
| #define HAVE_UNISTD_H 1
| #define HAVE_FLOAT_H 1
| #define HAVE_MALLOC_H 1
| #define TIME_WITH_SYS_TIME 1
| #define HAVE_ALLOCA_H 1
| #define HAVE_ALLOCA 1
| #define HAVE_MBSTATE_T 1
| /* end confdefs.h.  */
| #include <vfork.h>
configure:6554: result: no
configure:6554: checking for vfork.h
configure:6554: result: no
configure:6567: checking for fork
configure:6567: gcc -o conftest -g -O2   conftest.c -lpthread  >&5
conftest.c:65:6: warning: conflicting types for built-in function 'fork'
 char fork ();
      ^
configure:6567: $? = 0
configure:6567: result: yes
configure:6567: checking for vfork
configure:6567: gcc -o conftest -g -O2   conftest.c -lpthread  >&5
configure:6567: $? = 0
configure:6567: result: yes
configure:6578: checking for working fork
configure:6600: gcc -o conftest -g -O2   conftest.c -lpthread  >&5
configure:6600: $? = 0
configure:6600: ./conftest
configure:6600: $? = 0
configure:6610: result: yes
configure:6631: checking for working vfork
configure:6741: result: yes
configure:6768: checking for stdlib.h
configure:6768: result: yes
configure:6778: checking for GNU libc compatible malloc
configure:6802: gcc -o conftest -g -O2   conftest.c -lpthread  >&5
configure:6802: $? = 0
configure:6802: ./conftest
configure:6802: $? = 0
configure:6812: result: yes
configure:6835: checking for stdlib.h
configure:6835: result: yes
configure:6845: checking for GNU libc compatible realloc
configure:6869: gcc -o conftest -g -O2   conftest.c -lpthread  >&5
configure:6869: $? = 0
configure:6869: ./conftest
configure:6869: $? = 0
configure:6879: result: yes
configure:6903: checking sys/select.h usability
configure:6903: gcc -c -g -O2  conftest.c >&5
configure:6903: $? = 0
configure:6903: result: yes
configure:6903: checking sys/select.h presence
configure:6903: gcc -E  conftest.c
configure:6903: $? = 0
configure:6903: result: yes
configure:6903: checking for sys/select.h
configure:6903: result: yes
configure:6903: checking for sys/socket.h
configure:6903: result: yes
configure:6914: checking types of arguments for select
configure:6942: gcc -c -g -O2  conftest.c >&5
configure:6942: $? = 0
configure:6953: result: int,fd_set *,struct timeval *
configure:6976: checking whether lstat correctly handles trailing slash
configure:7002: gcc -o conftest -g -O2   conftest.c -lpthread  >&5
configure:7002: $? = 0
configure:7002: ./conftest
configure:7002: $? = 0
configure:7019: result: yes
configure:7038: checking whether stat accepts an empty string
configure:7058: gcc -o conftest -g -O2   conftest.c -lpthread  >&5
configure:7058: $? = 0
configure:7058: ./conftest
configure:7058: $? = 0
configure:7068: result: no
configure:7086: checking for vprintf
configure:7086: gcc -o conftest -g -O2   conftest.c -lpthread  >&5
conftest.c:79:6: warning: conflicting types for built-in function 'vprintf'
 char vprintf ();
      ^
configure:7086: $? = 0
configure:7086: result: yes
configure:7092: checking for _doprnt
configure:7092: gcc -o conftest -g -O2   conftest.c -lpthread  >&5
/tmp/cc1yALjd.o: In function `main':
/home/antonio/Documentos/drm4g_source/build_3/source_code/gridway-5.8/conftest.c:91: undefined reference to `_doprnt'
collect2: error: ld returned 1 exit status
configure:7092: $? = 1
configure: failed program was:
| /* confdefs.h */
| #define PACKAGE_NAME "GridWay"
| #define PACKAGE_TARNAME "gridway"
| #define PACKAGE_VERSION "5.8.0"
| #define PACKAGE_STRING "GridWay 5.8.0"
| #define PACKAGE_BUGREPORT "contact@gridway.org"
| #define PACKAGE_URL "http://gridway.org"
| #define PACKAGE "gridway"
| #define VERSION "5.8.0"
| #define HAVE_LIBPTHREAD 1
| #define HAVE_DIRENT_H 1
| #define STDC_HEADERS 1
| #define HAVE_SYS_WAIT_H 1
| #define HAVE_SYS_TYPES_H 1
| #define HAVE_SYS_STAT_H 1
| #define HAVE_STDLIB_H 1
| #define HAVE_STRING_H 1
| #define HAVE_MEMORY_H 1
| #define HAVE_STRINGS_H 1
| #define HAVE_INTTYPES_H 1
| #define HAVE_STDINT_H 1
| #define HAVE_UNISTD_H 1
| #define HAVE_ARPA_INET_H 1
| #define HAVE_FCNTL_H 1
| #define HAVE_INTTYPES_H 1
| #define HAVE_LIBINTL_H 1
| #define HAVE_LIMITS_H 1
| #define HAVE_NETDB_H 1
| #define HAVE_NETINET_IN_H 1
| #define HAVE_STDDEF_H 1
| #define HAVE_STDLIB_H 1
| #define HAVE_STRING_H 1
| #define HAVE_SYS_SOCKET_H 1
| #define HAVE_UNISTD_H 1
| #define HAVE_FLOAT_H 1
| #define HAVE_MALLOC_H 1
| #define TIME_WITH_SYS_TIME 1
| #define HAVE_ALLOCA_H 1
| #define HAVE_ALLOCA 1
| #define HAVE_MBSTATE_T 1
| #define HAVE_FORK 1
| #define HAVE_VFORK 1
| #define HAVE_WORKING_VFORK 1
| #define HAVE_WORKING_FORK 1
| #define HAVE_STDLIB_H 1
| #define HAVE_MALLOC 1
| #define HAVE_STDLIB_H 1
| #define HAVE_REALLOC 1
| #define HAVE_SYS_SELECT_H 1
| #define HAVE_SYS_SOCKET_H 1
| #define SELECT_TYPE_ARG1 int
| #define SELECT_TYPE_ARG234 (fd_set *)
| #define SELECT_TYPE_ARG5 (struct timeval *)
| #define LSTAT_FOLLOWS_SLASHED_SYMLINK 1
| #define HAVE_VPRINTF 1
| /* end confdefs.h.  */
| /* Define _doprnt to an innocuous variant, in case <limits.h> declares _doprnt.
|    For example, HP-UX 11i <limits.h> declares gettimeofday.  */
| #define _doprnt innocuous__doprnt
| 
| /* System header to define __stub macros and hopefully few prototypes,
|     which can conflict with char _doprnt (); below.
|     Prefer <limits.h> to <assert.h> if __STDC__ is defined, since
|     <limits.h> exists even on freestanding compilers.  */
| 
| #ifdef __STDC__
| # include <limits.h>
| #else
| # include <assert.h>
| #endif
| 
| #undef _doprnt
| 
| /* Override any GCC internal prototype to avoid an error.
|    Use char because int might match the return type of a GCC
|    builtin and then its argument prototype would still apply.  */
| #ifdef __cplusplus
| extern "C"
| #endif
| char _doprnt ();
| /* The GNU C library defines this for functions which it implements
|     to always fail with ENOSYS.  Some functions are actually named
|     something starting with __ and the normal name is an alias.  */
| #if defined __stub__doprnt || defined __stub____doprnt
| choke me
| #endif
| 
| int
| main ()
| {
| return _doprnt ();
|   ;
|   return 0;
| }
configure:7092: result: no
configure:7103: checking whether closedir returns void
configure:7127: gcc -o conftest -g -O2   conftest.c -lpthread  >&5
configure:7127: $? = 0
configure:7127: ./conftest
configure:7127: $? = 0
configure:7137: result: no
configure:7148: checking for dup2
configure:7148: gcc -o conftest -g -O2   conftest.c -lpthread  >&5
configure:7148: $? = 0
configure:7148: result: yes
configure:7148: checking for getcwd
configure:7148: gcc -o conftest -g -O2   conftest.c -lpthread  >&5
configure:7148: $? = 0
configure:7148: result: yes
configure:7148: checking for gethostbyname
configure:7148: gcc -o conftest -g -O2   conftest.c -lpthread  >&5
configure:7148: $? = 0
configure:7148: result: yes
configure:7148: checking for gethostname
configure:7148: gcc -o conftest -g -O2   conftest.c -lpthread  >&5
configure:7148: $? = 0
configure:7148: result: yes
configure:7148: checking for gettimeofday
configure:7148: gcc -o conftest -g -O2   conftest.c -lpthread  >&5
configure:7148: $? = 0
configure:7148: result: yes
configure:7148: checking for memset
configure:7148: gcc -o conftest -g -O2   conftest.c -lpthread  >&5
conftest.c:85:6: warning: conflicting types for built-in function 'memset'
 char memset ();
      ^
configure:7148: $? = 0
configure:7148: result: yes
configure:7148: checking for realpath
configure:7148: gcc -o conftest -g -O2   conftest.c -lpthread  >&5
configure:7148: $? = 0
configure:7148: result: yes
configure:7148: checking for select
configure:7148: gcc -o conftest -g -O2   conftest.c -lpthread  >&5
configure:7148: $? = 0
configure:7148: result: yes
configure:7148: checking for socket
configure:7148: gcc -o conftest -g -O2   conftest.c -lpthread  >&5
configure:7148: $? = 0
configure:7148: result: yes
configure:7148: checking for strcasecmp
configure:7148: gcc -o conftest -g -O2   conftest.c -lpthread  >&5
conftest.c:89:6: warning: conflicting types for built-in function 'strcasecmp'
 char strcasecmp ();
      ^
configure:7148: $? = 0
configure:7148: result: yes
configure:7148: checking for strchr
configure:7148: gcc -o conftest -g -O2   conftest.c -lpthread  >&5
conftest.c:90:6: warning: conflicting types for built-in function 'strchr'
 char strchr ();
      ^
configure:7148: $? = 0
configure:7148: result: yes
configure:7148: checking for strdup
configure:7148: gcc -o conftest -g -O2   conftest.c -lpthread  >&5
conftest.c:91:6: warning: conflicting types for built-in function 'strdup'
 char strdup ();
      ^
configure:7148: $? = 0
configure:7148: result: yes
configure:7148: checking for strerror
configure:7148: gcc -o conftest -g -O2   conftest.c -lpthread  >&5
configure:7148: $? = 0
configure:7148: result: yes
configure:7148: checking for strrchr
configure:7148: gcc -o conftest -g -O2   conftest.c -lpthread  >&5
conftest.c:93:6: warning: conflicting types for built-in function 'strrchr'
 char strrchr ();
      ^
configure:7148: $? = 0
configure:7148: result: yes
configure:7148: checking for strstr
configure:7148: gcc -o conftest -g -O2   conftest.c -lpthread  >&5
conftest.c:94:6: warning: conflicting types for built-in function 'strstr'
 char strstr ();
      ^
configure:7148: $? = 0
configure:7148: result: yes
configure:7148: checking for rmdir
configure:7148: gcc -o conftest -g -O2   conftest.c -lpthread  >&5
configure:7148: $? = 0
configure:7148: result: yes
configure:7148: checking for setenv
configure:7148: gcc -o conftest -g -O2   conftest.c -lpthread  >&5
configure:7148: $? = 0
configure:7148: result: yes
configure:7185: checking host system type
configure:7198: result: x86_64-unknown-linux-gnu
configure:7218: checking for a sed that does not truncate output
configure:7282: result: /bin/sed
configure:7300: checking for fgrep
configure:7362: result: /bin/grep -F
configure:7397: checking for ld used by gcc
configure:7464: result: /usr/bin/ld
configure:7471: checking if the linker (/usr/bin/ld) is GNU ld
configure:7486: result: yes
configure:7498: checking for BSD- or MS-compatible name lister (nm)
configure:7547: result: /usr/bin/nm -B
configure:7665: checking the name lister (/usr/bin/nm -B) interface
configure:7672: gcc -c -g -O2  conftest.c >&5
configure:7675: /usr/bin/nm -B "conftest.o"
configure:7678: output
0000000000000000 B some_variable
configure:7685: result: BSD nm
configure:7689: checking the maximum length of command line arguments
configure:7809: result: 1572864
configure:7826: checking whether the shell understands some XSI constructs
configure:7836: result: yes
configure:7840: checking whether the shell understands "+="
configure:7846: result: yes
configure:7881: checking for /usr/bin/ld option to reload object files
configure:7888: result: -r
configure:7957: checking for objdump
configure:7973: found /usr/bin/objdump
configure:7984: result: objdump
configure:8016: checking how to recognize dependent libraries
configure:8212: result: pass_all
configure:8272: checking for ar
configure:8288: found /usr/bin/ar
configure:8299: result: ar
configure:8377: checking for strip
configure:8393: found /usr/bin/strip
configure:8404: result: strip
configure:8476: checking for ranlib
configure:8492: found /usr/bin/ranlib
configure:8503: result: ranlib
configure:8593: checking command to parse /usr/bin/nm -B output from gcc object
configure:8711: gcc -c -g -O2  conftest.c >&5
configure:8714: $? = 0
configure:8718: /usr/bin/nm -B conftest.o \| sed -n -e 's/^.*[	 ]\([ABCDGIRSTW][ABCDGIRSTW]*\)[	 ][	 ]*\([_A-Za-z][_A-Za-z0-9]*\)$/\1 \2 \2/p' \> conftest.nm
configure:8721: $? = 0
configure:8775: gcc -o conftest -g -O2   conftest.c conftstm.o >&5
configure:8778: $? = 0
configure:8816: result: ok
configure:8911: gcc -c -g -O2  conftest.c >&5
configure:8914: $? = 0
configure:9621: checking for dlfcn.h
configure:9621: gcc -c -g -O2  conftest.c >&5
configure:9621: $? = 0
configure:9621: result: yes
configure:9746: checking for C++ compiler version
configure:9755: g++ --version >&5
g++ (Ubuntu 5.4.0-6ubuntu1~16.04.1) 5.4.0 20160609
Copyright (C) 2015 Free Software Foundation, Inc.
This is free software; see the source for copying conditions.  There is NO
warranty; not even for MERCHANTABILITY or FITNESS FOR A PARTICULAR PURPOSE.

configure:9766: $? = 0
configure:9755: g++ -v >&5
Using built-in specs.
COLLECT_GCC=g++
COLLECT_LTO_WRAPPER=/usr/lib/gcc/x86_64-linux-gnu/5/lto-wrapper
Target: x86_64-linux-gnu
Configured with: ../src/configure -v --with-pkgversion='Ubuntu 5.4.0-6ubuntu1~16.04.1' --with-bugurl=file:///usr/share/doc/gcc-5/README.Bugs --enable-languages=c,ada,c++,java,go,d,fortran,objc,obj-c++ --prefix=/usr --program-suffix=-5 --enable-shared --enable-linker-build-id --libexecdir=/usr/lib --without-included-gettext --enable-threads=posix --libdir=/usr/lib --enable-nls --with-sysroot=/ --enable-clocale=gnu --enable-libstdcxx-debug --enable-libstdcxx-time=yes --with-default-libstdcxx-abi=new --enable-gnu-unique-object --disable-vtable-verify --enable-libmpx --enable-plugin --with-system-zlib --disable-browser-plugin --enable-java-awt=gtk --enable-gtk-cairo --with-java-home=/usr/lib/jvm/java-1.5.0-gcj-5-amd64/jre --enable-java-home --with-jvm-root-dir=/usr/lib/jvm/java-1.5.0-gcj-5-amd64 --with-jvm-jar-dir=/usr/lib/jvm-exports/java-1.5.0-gcj-5-amd64 --with-arch-directory=amd64 --with-ecj-jar=/usr/share/java/eclipse-ecj.jar --enable-objc-gc --enable-multiarch --disable-werror --with-arch-32=i686 --with-abi=m64 --with-multilib-list=m32,m64,mx32 --enable-multilib --with-tune=generic --enable-checking=release --build=x86_64-linux-gnu --host=x86_64-linux-gnu --target=x86_64-linux-gnu
Thread model: posix
gcc version 5.4.0 20160609 (Ubuntu 5.4.0-6ubuntu1~16.04.1) 
configure:9766: $? = 0
configure:9755: g++ -V >&5
g++: error: unrecognized command line option '-V'
g++: fatal error: no input files
compilation terminated.
configure:9766: $? = 1
configure:9755: g++ -qversion >&5
g++: error: unrecognized command line option '-qversion'
g++: fatal error: no input files
compilation terminated.
configure:9766: $? = 1
configure:9770: checking whether we are using the GNU C++ compiler
configure:9798: result: yes
configure:9807: checking whether g++ accepts -g
configure:9868: result: yes
configure:9899: checking how to run the C++ preprocessor
configure:9926: g++ -E  conftest.cpp
configure:9926: $? = 0
configure:9940: g++ -E  conftest.cpp
conftest.cpp:75:28: fatal error: ac_nonexistent.h: No such file or directory
compilation terminated.
configure:9940: $? = 1
configure: failed program was:
| /* confdefs.h */
| #define PACKAGE_NAME "GridWay"
| #define PACKAGE_TARNAME "gridway"
| #define PACKAGE_VERSION "5.8.0"
| #define PACKAGE_STRING "GridWay 5.8.0"
| #define PACKAGE_BUGREPORT "contact@gridway.org"
| #define PACKAGE_URL "http://gridway.org"
| #define PACKAGE "gridway"
| #define VERSION "5.8.0"
| #define HAVE_LIBPTHREAD 1
| #define HAVE_DIRENT_H 1
| #define STDC_HEADERS 1
| #define HAVE_SYS_WAIT_H 1
| #define HAVE_SYS_TYPES_H 1
| #define HAVE_SYS_STAT_H 1
| #define HAVE_STDLIB_H 1
| #define HAVE_STRING_H 1
| #define HAVE_MEMORY_H 1
| #define HAVE_STRINGS_H 1
| #define HAVE_INTTYPES_H 1
| #define HAVE_STDINT_H 1
| #define HAVE_UNISTD_H 1
| #define HAVE_ARPA_INET_H 1
| #define HAVE_FCNTL_H 1
| #define HAVE_INTTYPES_H 1
| #define HAVE_LIBINTL_H 1
| #define HAVE_LIMITS_H 1
| #define HAVE_NETDB_H 1
| #define HAVE_NETINET_IN_H 1
| #define HAVE_STDDEF_H 1
| #define HAVE_STDLIB_H 1
| #define HAVE_STRING_H 1
| #define HAVE_SYS_SOCKET_H 1
| #define HAVE_UNISTD_H 1
| #define HAVE_FLOAT_H 1
| #define HAVE_MALLOC_H 1
| #define TIME_WITH_SYS_TIME 1
| #define HAVE_ALLOCA_H 1
| #define HAVE_ALLOCA 1
| #define HAVE_MBSTATE_T 1
| #define HAVE_FORK 1
| #define HAVE_VFORK 1
| #define HAVE_WORKING_VFORK 1
| #define HAVE_WORKING_FORK 1
| #define HAVE_STDLIB_H 1
| #define HAVE_MALLOC 1
| #define HAVE_STDLIB_H 1
| #define HAVE_REALLOC 1
| #define HAVE_SYS_SELECT_H 1
| #define HAVE_SYS_SOCKET_H 1
| #define SELECT_TYPE_ARG1 int
| #define SELECT_TYPE_ARG234 (fd_set *)
| #define SELECT_TYPE_ARG5 (struct timeval *)
| #define LSTAT_FOLLOWS_SLASHED_SYMLINK 1
| #define HAVE_VPRINTF 1
| #define HAVE_DUP2 1
| #define HAVE_GETCWD 1
| #define HAVE_GETHOSTBYNAME 1
| #define HAVE_GETHOSTNAME 1
| #define HAVE_GETTIMEOFDAY 1
| #define HAVE_MEMSET 1
| #define HAVE_REALPATH 1
| #define HAVE_SELECT 1
| #define HAVE_SOCKET 1
| #define HAVE_STRCASECMP 1
| #define HAVE_STRCHR 1
| #define HAVE_STRDUP 1
| #define HAVE_STRERROR 1
| #define HAVE_STRRCHR 1
| #define HAVE_STRSTR 1
| #define HAVE_RMDIR 1
| #define HAVE_SETENV 1
| #define HAVE_DLFCN_H 1
| /* end confdefs.h.  */
| #include <ac_nonexistent.h>
configure:9965: result: g++ -E
configure:9985: g++ -E  conftest.cpp
configure:9985: $? = 0
configure:9999: g++ -E  conftest.cpp
conftest.cpp:75:28: fatal error: ac_nonexistent.h: No such file or directory
compilation terminated.
configure:9999: $? = 1
configure: failed program was:
| /* confdefs.h */
| #define PACKAGE_NAME "GridWay"
| #define PACKAGE_TARNAME "gridway"
| #define PACKAGE_VERSION "5.8.0"
| #define PACKAGE_STRING "GridWay 5.8.0"
| #define PACKAGE_BUGREPORT "contact@gridway.org"
| #define PACKAGE_URL "http://gridway.org"
| #define PACKAGE "gridway"
| #define VERSION "5.8.0"
| #define HAVE_LIBPTHREAD 1
| #define HAVE_DIRENT_H 1
| #define STDC_HEADERS 1
| #define HAVE_SYS_WAIT_H 1
| #define HAVE_SYS_TYPES_H 1
| #define HAVE_SYS_STAT_H 1
| #define HAVE_STDLIB_H 1
| #define HAVE_STRING_H 1
| #define HAVE_MEMORY_H 1
| #define HAVE_STRINGS_H 1
| #define HAVE_INTTYPES_H 1
| #define HAVE_STDINT_H 1
| #define HAVE_UNISTD_H 1
| #define HAVE_ARPA_INET_H 1
| #define HAVE_FCNTL_H 1
| #define HAVE_INTTYPES_H 1
| #define HAVE_LIBINTL_H 1
| #define HAVE_LIMITS_H 1
| #define HAVE_NETDB_H 1
| #define HAVE_NETINET_IN_H 1
| #define HAVE_STDDEF_H 1
| #define HAVE_STDLIB_H 1
| #define HAVE_STRING_H 1
| #define HAVE_SYS_SOCKET_H 1
| #define HAVE_UNISTD_H 1
| #define HAVE_FLOAT_H 1
| #define HAVE_MALLOC_H 1
| #define TIME_WITH_SYS_TIME 1
| #define HAVE_ALLOCA_H 1
| #define HAVE_ALLOCA 1
| #define HAVE_MBSTATE_T 1
| #define HAVE_FORK 1
| #define HAVE_VFORK 1
| #define HAVE_WORKING_VFORK 1
| #define HAVE_WORKING_FORK 1
| #define HAVE_STDLIB_H 1
| #define HAVE_MALLOC 1
| #define HAVE_STDLIB_H 1
| #define HAVE_REALLOC 1
| #define HAVE_SYS_SELECT_H 1
| #define HAVE_SYS_SOCKET_H 1
| #define SELECT_TYPE_ARG1 int
| #define SELECT_TYPE_ARG234 (fd_set *)
| #define SELECT_TYPE_ARG5 (struct timeval *)
| #define LSTAT_FOLLOWS_SLASHED_SYMLINK 1
| #define HAVE_VPRINTF 1
| #define HAVE_DUP2 1
| #define HAVE_GETCWD 1
| #define HAVE_GETHOSTBYNAME 1
| #define HAVE_GETHOSTNAME 1
| #define HAVE_GETTIMEOFDAY 1
| #define HAVE_MEMSET 1
| #define HAVE_REALPATH 1
| #define HAVE_SELECT 1
| #define HAVE_SOCKET 1
| #define HAVE_STRCASECMP 1
| #define HAVE_STRCHR 1
| #define HAVE_STRDUP 1
| #define HAVE_STRERROR 1
| #define HAVE_STRRCHR 1
| #define HAVE_STRSTR 1
| #define HAVE_RMDIR 1
| #define HAVE_SETENV 1
| #define HAVE_DLFCN_H 1
| /* end confdefs.h.  */
| #include <ac_nonexistent.h>
configure:10205: checking for objdir
configure:10220: result: .libs
configure:10512: checking if gcc supports -fno-rtti -fno-exceptions
configure:10530: gcc -c -g -O2  -fno-rtti -fno-exceptions conftest.c >&5
cc1: warning: command line option '-fno-rtti' is valid for C++/ObjC++ but not for C
configure:10534: $? = 0
configure:10547: result: no
configure:10567: checking for gcc option to produce PIC
configure:10839: result: -fPIC -DPIC
configure:10851: checking if gcc PIC flag -fPIC -DPIC works
configure:10869: gcc -c -g -O2  -fPIC -DPIC -DPIC conftest.c >&5
configure:10873: $? = 0
configure:10886: result: yes
configure:10910: checking if gcc static flag -static works
configure:10938: result: yes
configure:10953: checking if gcc supports -c -o file.o
configure:10974: gcc -c -g -O2  -o out/conftest2.o conftest.c >&5
configure:10978: $? = 0
configure:11000: result: yes
configure:11008: checking if gcc supports -c -o file.o
configure:11055: result: yes
configure:11088: checking whether the gcc linker (/usr/bin/ld -m elf_x86_64) supports shared libraries
configure:12074: result: yes
configure:12111: checking whether -lc should be explicitly linked in
configure:12116: gcc -c -g -O2  conftest.c >&5
configure:12119: $? = 0
configure:12134: gcc -shared conftest.o  -v -Wl,-soname -Wl,conftest -o conftest 2\>\&1 \| /bin/grep  -lc  \>/dev/null 2\>\&1
configure:12137: $? = 0
configure:12149: result: no
configure:12313: checking dynamic linker characteristics
configure:12746: gcc -o conftest -g -O2   -Wl,-rpath -Wl,/foo conftest.c -lpthread  >&5
configure:12746: $? = 0
configure:12964: result: GNU/Linux ld.so
configure:13066: checking how to hardcode library paths into programs
configure:13091: result: immediate
configure:13611: checking whether stripping libraries is possible
configure:13616: result: yes
configure:13651: checking if libtool supports shared libraries
configure:13653: result: yes
configure:13656: checking whether to build shared libraries
configure:13677: result: yes
configure:13680: checking whether to build static libraries
configure:13684: result: yes
configure:13834: checking for ld used by g++
configure:13901: result: /usr/bin/ld -m elf_x86_64
configure:13908: checking if the linker (/usr/bin/ld -m elf_x86_64) is GNU ld
configure:13923: result: yes
configure:13978: checking whether the g++ linker (/usr/bin/ld -m elf_x86_64) supports shared libraries
configure:14891: result: yes
configure:14919: g++ -c -g -O2  conftest.cpp >&5
configure:14922: $? = 0
configure:15104: checking for g++ option to produce PIC
configure:15421: result: -fPIC -DPIC
configure:15430: checking if g++ PIC flag -fPIC -DPIC works
configure:15448: g++ -c -g -O2  -fPIC -DPIC -DPIC conftest.cpp >&5
configure:15452: $? = 0
configure:15465: result: yes
configure:15486: checking if g++ static flag -static works
configure:15514: result: yes
configure:15526: checking if g++ supports -c -o file.o
configure:15547: g++ -c -g -O2  -o out/conftest2.o conftest.cpp >&5
configure:15551: $? = 0
configure:15573: result: yes
configure:15578: checking if g++ supports -c -o file.o
configure:15625: result: yes
configure:15655: checking whether the g++ linker (/usr/bin/ld -m elf_x86_64) supports shared libraries
configure:15681: result: yes
configure:15818: checking dynamic linker characteristics
configure:16199: g++ -o conftest -g -O2   -Wl,-rpath -Wl,/foo conftest.cpp -lpthread  >&5
configure:16199: $? = 0
configure:16417: result: GNU/Linux ld.so
configure:16468: checking how to hardcode library paths into programs
configure:16493: result: immediate
configure:16746: creating ./config.status

## ---------------------- ##
## Running config.status. ##
## ---------------------- ##

This file was extended by GridWay config.status 5.8.0, which was
generated by GNU Autoconf 2.65.  Invocation command line was

  CONFIG_FILES    = 
  CONFIG_HEADERS  = 
  CONFIG_LINKS    = 
  CONFIG_COMMANDS = 
  $ ./config.status 

on diluvio

config.status:1086: creating Makefile
config.status:1086: creating src/Makefile
config.status:1280: executing depfiles commands
config.status:1280: executing libtool commands

## ---------------- ##
## Cache variables. ##
## ---------------- ##

ac_cv_build=x86_64-unknown-linux-gnu
ac_cv_c_compiler_gnu=yes
ac_cv_c_const=yes
ac_cv_c_inline=inline
ac_cv_cxx_compiler_gnu=yes
ac_cv_env_CCC_set=
ac_cv_env_CCC_value=
ac_cv_env_CC_set=
ac_cv_env_CC_value=
ac_cv_env_CFLAGS_set=
ac_cv_env_CFLAGS_value=
ac_cv_env_CPPFLAGS_set=
ac_cv_env_CPPFLAGS_value=
ac_cv_env_CPP_set=
ac_cv_env_CPP_value=
ac_cv_env_CXXCPP_set=
ac_cv_env_CXXCPP_value=
ac_cv_env_CXXFLAGS_set=
ac_cv_env_CXXFLAGS_value=
ac_cv_env_CXX_set=
ac_cv_env_CXX_value=
ac_cv_env_LDFLAGS_set=
ac_cv_env_LDFLAGS_value=
ac_cv_env_LIBS_set=
ac_cv_env_LIBS_value=
ac_cv_env_YACC_set=
ac_cv_env_YACC_value=
ac_cv_env_YFLAGS_set=
ac_cv_env_YFLAGS_value=
ac_cv_env_build_alias_set=
ac_cv_env_build_alias_value=
ac_cv_env_host_alias_set=
ac_cv_env_host_alias_value=
ac_cv_env_target_alias_set=
ac_cv_env_target_alias_value=
ac_cv_func__doprnt=no
ac_cv_func_alloca_works=yes
ac_cv_func_closedir_void=no
ac_cv_func_dup2=yes
ac_cv_func_fnmatch_works=yes
ac_cv_func_fork=yes
ac_cv_func_fork_works=yes
ac_cv_func_getcwd=yes
ac_cv_func_gethostbyname=yes
ac_cv_func_gethostname=yes
ac_cv_func_gettimeofday=yes
ac_cv_func_lstat_dereferences_slashed_symlink=yes
ac_cv_func_malloc_0_nonnull=yes
ac_cv_func_memset=yes
ac_cv_func_realloc_0_nonnull=yes
ac_cv_func_realpath=yes
ac_cv_func_rmdir=yes
ac_cv_func_select=yes
ac_cv_func_select_args='int,fd_set *,struct timeval *'
ac_cv_func_setenv=yes
ac_cv_func_socket=yes
ac_cv_func_stat_empty_string_bug=no
ac_cv_func_strcasecmp=yes
ac_cv_func_strchr=yes
ac_cv_func_strdup=yes
ac_cv_func_strerror=yes
ac_cv_func_strrchr=yes
ac_cv_func_strstr=yes
ac_cv_func_vfork=yes
ac_cv_func_vfork_works=yes
ac_cv_func_vprintf=yes
ac_cv_header_arpa_inet_h=yes
ac_cv_header_dirent_dirent_h=yes
ac_cv_header_dlfcn_h=yes
ac_cv_header_fcntl_h=yes
ac_cv_header_float_h=yes
ac_cv_header_inttypes_h=yes
ac_cv_header_libintl_h=yes
ac_cv_header_limits_h=yes
ac_cv_header_malloc_h=yes
ac_cv_header_memory_h=yes
ac_cv_header_netdb_h=yes
ac_cv_header_netinet_in_h=yes
ac_cv_header_stdc=yes
ac_cv_header_stddef_h=yes
ac_cv_header_stdint_h=yes
ac_cv_header_stdlib_h=yes
ac_cv_header_string_h=yes
ac_cv_header_strings_h=yes
ac_cv_header_sys_select_h=yes
ac_cv_header_sys_socket_h=yes
ac_cv_header_sys_stat_h=yes
ac_cv_header_sys_types_h=yes
ac_cv_header_sys_wait_h=yes
ac_cv_header_time=yes
ac_cv_header_unistd_h=yes
ac_cv_header_vfork_h=no
ac_cv_host=x86_64-unknown-linux-gnu
ac_cv_lib_pthread_pthread_cond_wait=yes
ac_cv_objext=o
ac_cv_path_EGREP='/bin/grep -E'
ac_cv_path_FGREP='/bin/grep -F'
ac_cv_path_GREP=/bin/grep
ac_cv_path_SED=/bin/sed
ac_cv_path_install='/usr/bin/install -c'
ac_cv_path_mkdir=/bin/mkdir
ac_cv_prog_AWK=mawk
ac_cv_prog_CPP='gcc -E'
ac_cv_prog_CXXCPP='g++ -E'
ac_cv_prog_ac_ct_AR=ar
ac_cv_prog_ac_ct_CC=gcc
ac_cv_prog_ac_ct_CXX=g++
ac_cv_prog_ac_ct_OBJDUMP=objdump
ac_cv_prog_ac_ct_RANLIB=ranlib
ac_cv_prog_ac_ct_STRIP=strip
ac_cv_prog_cc_c89=
ac_cv_prog_cc_g=yes
ac_cv_prog_cc_gcc_c_o=yes
ac_cv_prog_cxx_g=yes
ac_cv_prog_make_make_set=yes
ac_cv_search_opendir='none required'
ac_cv_struct_tm=time.h
ac_cv_type_mbstate_t=yes
ac_cv_type_mode_t=yes
ac_cv_type_pid_t=yes
ac_cv_type_size_t=yes
ac_cv_working_alloca_h=yes
am_cv_CC_dependencies_compiler_type=none
am_cv_CXX_dependencies_compiler_type=none
am_cv_prog_tar_ustar=gnutar
lt_cv_deplibs_check_method=pass_all
lt_cv_file_magic_cmd='$MAGIC_CMD'
lt_cv_file_magic_test_file=
lt_cv_ld_reload_flag=-r
lt_cv_nm_interface='BSD nm'
lt_cv_objdir=.libs
lt_cv_path_LD=/usr/bin/ld
lt_cv_path_LDCXX='/usr/bin/ld -m elf_x86_64'
lt_cv_path_NM='/usr/bin/nm -B'
lt_cv_prog_compiler_c_o=yes
lt_cv_prog_compiler_c_o_CXX=yes
lt_cv_prog_compiler_pic_works=yes
lt_cv_prog_compiler_pic_works_CXX=yes
lt_cv_prog_compiler_rtti_exceptions=no
lt_cv_prog_compiler_static_works=yes
lt_cv_prog_compiler_static_works_CXX=yes
lt_cv_prog_gnu_ld=yes
lt_cv_prog_gnu_ldcxx=yes
lt_cv_sys_global_symbol_pipe='sed -n -e '\''s/^.*[	 ]\([ABCDGIRSTW][ABCDGIRSTW]*\)[	 ][	 ]*\([_A-Za-z][_A-Za-z0-9]*\)$/\1 \2 \2/p'\'''
lt_cv_sys_global_symbol_to_c_name_address='sed -n -e '\''s/^: \([^ ]*\) $/  {\"\1\", (void *) 0},/p'\'' -e '\''s/^[ABCDGIRSTW]* \([^ ]*\) \([^ ]*\)$/  {"\2", (void *) \&\2},/p'\'''
lt_cv_sys_global_symbol_to_c_name_address_lib_prefix='sed -n -e '\''s/^: \([^ ]*\) $/  {\"\1\", (void *) 0},/p'\'' -e '\''s/^[ABCDGIRSTW]* \([^ ]*\) \(lib[^ ]*\)$/  {"\2", (void *) \&\2},/p'\'' -e '\''s/^[ABCDGIRSTW]* \([^ ]*\) \([^ ]*\)$/  {"lib\2", (void *) \&\2},/p'\'''
lt_cv_sys_global_symbol_to_cdecl='sed -n -e '\''s/^T .* \(.*\)$/extern int \1();/p'\'' -e '\''s/^[ABCDGIRSTW]* .* \(.*\)$/extern char \1;/p'\'''
lt_cv_sys_max_cmd_len=1572864

## ----------------- ##
## Output variables. ##
## ----------------- ##

ACLOCAL='${SHELL} /home/antonio/Documentos/drm4g_source/build_3/source_code/gridway-5.8/config/missing --run aclocal-1.11'
ALLOCA=''
AMDEPBACKSLASH='\'
AMDEP_FALSE='#'
AMDEP_TRUE=''
AMTAR='${SHELL} /home/antonio/Documentos/drm4g_source/build_3/source_code/gridway-5.8/config/missing --run tar'
AR='ar'
AUTOCONF='${SHELL} /home/antonio/Documentos/drm4g_source/build_3/source_code/gridway-5.8/config/missing --run autoconf'
AUTOHEADER='${SHELL} /home/antonio/Documentos/drm4g_source/build_3/source_code/gridway-5.8/config/missing --run autoheader'
AUTOMAKE='${SHELL} /home/antonio/Documentos/drm4g_source/build_3/source_code/gridway-5.8/config/missing --run automake-1.11'
AWK='mawk'
CC='gcc'
CCDEPMODE='depmode=none'
CFLAGS='-g -O2'
CPP='gcc -E'
CPPFLAGS=''
CXX='g++'
CXXCPP='g++ -E'
CXXDEPMODE='depmode=none'
CXXFLAGS='-g -O2'
CYGPATH_W='echo'
DB_FALSE=''
DB_TRUE='#'
DEFS='-DPACKAGE_NAME=\"GridWay\" -DPACKAGE_TARNAME=\"gridway\" -DPACKAGE_VERSION=\"5.8.0\" -DPACKAGE_STRING=\"GridWay\ 5.8.0\" -DPACKAGE_BUGREPORT=\"contact@gridway.org\" -DPACKAGE_URL=\"http://gridway.org\" -DPACKAGE=\"gridway\" -DVERSION=\"5.8.0\" -DHAVE_LIBPTHREAD=1 -DHAVE_DIRENT_H=1 -DSTDC_HEADERS=1 -DHAVE_SYS_WAIT_H=1 -DHAVE_SYS_TYPES_H=1 -DHAVE_SYS_STAT_H=1 -DHAVE_STDLIB_H=1 -DHAVE_STRING_H=1 -DHAVE_MEMORY_H=1 -DHAVE_STRINGS_H=1 -DHAVE_INTTYPES_H=1 -DHAVE_STDINT_H=1 -DHAVE_UNISTD_H=1 -DHAVE_ARPA_INET_H=1 -DHAVE_FCNTL_H=1 -DHAVE_INTTYPES_H=1 -DHAVE_LIBINTL_H=1 -DHAVE_LIMITS_H=1 -DHAVE_NETDB_H=1 -DHAVE_NETINET_IN_H=1 -DHAVE_STDDEF_H=1 -DHAVE_STDLIB_H=1 -DHAVE_STRING_H=1 -DHAVE_SYS_SOCKET_H=1 -DHAVE_UNISTD_H=1 -DHAVE_FLOAT_H=1 -DHAVE_MALLOC_H=1 -DTIME_WITH_SYS_TIME=1 -DHAVE_ALLOCA_H=1 -DHAVE_ALLOCA=1 -DHAVE_MBSTATE_T=1 -DHAVE_FORK=1 -DHAVE_VFORK=1 -DHAVE_WORKING_VFORK=1 -DHAVE_WORKING_FORK=1 -DHAVE_STDLIB_H=1 -DHAVE_MALLOC=1 -DHAVE_STDLIB_H=1 -DHAVE_REALLOC=1 -DHAVE_SYS_SELECT_H=1 -DHAVE_SYS_SOCKET_H=1 -DSELECT_TYPE_ARG1=int -DSELECT_TYPE_ARG234=\(fd_set\ \*\) -DSELECT_TYPE_ARG5=\(struct\ timeval\ \*\) -DLSTAT_FOLLOWS_SLASHED_SYMLINK=1 -DHAVE_VPRINTF=1 -DHAVE_DUP2=1 -DHAVE_GETCWD=1 -DHAVE_GETHOSTBYNAME=1 -DHAVE_GETHOSTNAME=1 -DHAVE_GETTIMEOFDAY=1 -DHAVE_MEMSET=1 -DHAVE_REALPATH=1 -DHAVE_SELECT=1 -DHAVE_SOCKET=1 -DHAVE_STRCASECMP=1 -DHAVE_STRCHR=1 -DHAVE_STRDUP=1 -DHAVE_STRERROR=1 -DHAVE_STRRCHR=1 -DHAVE_STRSTR=1 -DHAVE_RMDIR=1 -DHAVE_SETENV=1 -DHAVE_DLFCN_H=1 -DLT_OBJDIR=\".libs/\"'
DEPDIR='.deps'
DRMAA1_JAVA_FALSE=''
DRMAA1_JAVA_TRUE='#'
DRMAA_JAVA_FALSE=''
DRMAA_JAVA_TRUE='#'
DRMAA_RUBY_FALSE=''
DRMAA_RUBY_TRUE='#'
DSYMUTIL=''
DUMPBIN=''
ECHO_C=''
ECHO_N='-n'
ECHO_T=''
EGREP='/bin/grep -E'
EXEEXT=''
FGREP='/bin/grep -F'
GREP='/bin/grep'
INSTALL_DATA='${INSTALL} -m 644'
INSTALL_PROGRAM='${INSTALL}'
INSTALL_SCRIPT='${INSTALL}'
INSTALL_STRIP_PROGRAM='$(install_sh) -c -s'
JAVAC_PATH=''
JSDL_FALSE=''
JSDL_TRUE='#'
LD='/usr/bin/ld -m elf_x86_64'
LDFLAGS=''
LEX='${SHELL} /home/antonio/Documentos/drm4g_source/build_3/source_code/gridway-5.8/config/missing --run flex'
LEXLIB=''
LEX_OUTPUT_ROOT=''
LIBOBJS=''
LIBS='-lpthread '
LIBTOOL='$(SHELL) $(top_builddir)/libtool'
LIPO=''
LN_S='ln -s'
LTLIBOBJS=''
MAKEINFO='${SHELL} /home/antonio/Documentos/drm4g_source/build_3/source_code/gridway-5.8/config/missing --run makeinfo'
MKDIR_P='/bin/mkdir -p'
NM='/usr/bin/nm -B'
NMEDIT=''
OBJDUMP='objdump'
OBJEXT='o'
OTOOL64=''
OTOOL=''
PACKAGE='gridway'
PACKAGE_BUGREPORT='contact@gridway.org'
PACKAGE_NAME='GridWay'
PACKAGE_STRING='GridWay 5.8.0'
PACKAGE_TARNAME='gridway'
PACKAGE_URL='http://gridway.org'
PACKAGE_VERSION='5.8.0'
PATH_SEPARATOR=':'
RANLIB='ranlib'
RUBY=''
SED='/bin/sed'
SET_MAKE=''
SHELL='/bin/bash'
STRIP='strip'
SYSLOG_FALSE=''
SYSLOG_TRUE='#'
TESTS_FALSE=''
TESTS_TRUE='#'
VERSION='5.8.0'
YACC='yacc'
YFLAGS=''
ac_ct_CC='gcc'
ac_ct_CXX='g++'
ac_ct_DUMPBIN=''
am__EXEEXT_FALSE=''
am__EXEEXT_TRUE='#'
am__fastdepCC_FALSE=''
am__fastdepCC_TRUE='#'
am__fastdepCXX_FALSE=''
am__fastdepCXX_TRUE='#'
am__include='include'
am__isrc=''
am__leading_dot='.'
am__quote=''
am__tar='tar --format=ustar -chf - "$$tardir"'
am__untar='tar -xf -'
bindir='${exec_prefix}/bin'
build='x86_64-unknown-linux-gnu'
build_alias=''
build_cpu='x86_64'
build_os='linux-gnu'
build_vendor='unknown'
datadir='${datarootdir}'
datarootdir='${prefix}/share'
docdir='${datarootdir}/doc/${PACKAGE_TARNAME}'
dvidir='${docdir}'
exec_prefix='${prefix}'
host='x86_64-unknown-linux-gnu'
host_alias=''
host_cpu='x86_64'
host_os='linux-gnu'
host_vendor='unknown'
htmldir='${docdir}'
includedir='${prefix}/include'
infodir='${datarootdir}/info'
install_sh='${SHELL} /home/antonio/Documentos/drm4g_source/build_3/source_code/gridway-5.8/config/install-sh'
java_home=''
libdir='${exec_prefix}/lib'
libexecdir='${exec_prefix}/libexec'
localedir='${datarootdir}/locale'
localstatedir='${prefix}/var'
lt_ECHO='echo'
mandir='${datarootdir}/man'
mkdir_p='/bin/mkdir -p'
oldincludedir='/usr/include'
pdfdir='${docdir}'
prefix='/home/antonio/Documentos/drm4g_source/build_3/drm4g'
program_transform_name='s,x,x,'
psdir='${docdir}'
sbindir='${exec_prefix}/sbin'
sharedstatedir='${prefix}/com'
sysconfdir='${prefix}/etc'
system='linux'
target_alias=''

## ----------- ##
## confdefs.h. ##
## ----------- ##

/* confdefs.h */
#define PACKAGE_NAME "GridWay"
#define PACKAGE_TARNAME "gridway"
#define PACKAGE_VERSION "5.8.0"
#define PACKAGE_STRING "GridWay 5.8.0"
#define PACKAGE_BUGREPORT "contact@gridway.org"
#define PACKAGE_URL "http://gridway.org"
#define PACKAGE "gridway"
#define VERSION "5.8.0"
#define HAVE_LIBPTHREAD 1
#define HAVE_DIRENT_H 1
#define STDC_HEADERS 1
#define HAVE_SYS_WAIT_H 1
#define HAVE_SYS_TYPES_H 1
#define HAVE_SYS_STAT_H 1
#define HAVE_STDLIB_H 1
#define HAVE_STRING_H 1
#define HAVE_MEMORY_H 1
#define HAVE_STRINGS_H 1
#define HAVE_INTTYPES_H 1
#define HAVE_STDINT_H 1
#define HAVE_UNISTD_H 1
#define HAVE_ARPA_INET_H 1
#define HAVE_FCNTL_H 1
#define HAVE_INTTYPES_H 1
#define HAVE_LIBINTL_H 1
#define HAVE_LIMITS_H 1
#define HAVE_NETDB_H 1
#define HAVE_NETINET_IN_H 1
#define HAVE_STDDEF_H 1
#define HAVE_STDLIB_H 1
#define HAVE_STRING_H 1
#define HAVE_SYS_SOCKET_H 1
#define HAVE_UNISTD_H 1
#define HAVE_FLOAT_H 1
#define HAVE_MALLOC_H 1
#define TIME_WITH_SYS_TIME 1
#define HAVE_ALLOCA_H 1
#define HAVE_ALLOCA 1
#define HAVE_MBSTATE_T 1
#define HAVE_FORK 1
#define HAVE_VFORK 1
#define HAVE_WORKING_VFORK 1
#define HAVE_WORKING_FORK 1
#define HAVE_STDLIB_H 1
#define HAVE_MALLOC 1
#define HAVE_STDLIB_H 1
#define HAVE_REALLOC 1
#define HAVE_SYS_SELECT_H 1
#define HAVE_SYS_SOCKET_H 1
#define SELECT_TYPE_ARG1 int
#define SELECT_TYPE_ARG234 (fd_set *)
#define SELECT_TYPE_ARG5 (struct timeval *)
#define LSTAT_FOLLOWS_SLASHED_SYMLINK 1
#define HAVE_VPRINTF 1
#define HAVE_DUP2 1
#define HAVE_GETCWD 1
#define HAVE_GETHOSTBYNAME 1
#define HAVE_GETHOSTNAME 1
#define HAVE_GETTIMEOFDAY 1
#define HAVE_MEMSET 1
#define HAVE_REALPATH 1
#define HAVE_SELECT 1
#define HAVE_SOCKET 1
#define HAVE_STRCASECMP 1
#define HAVE_STRCHR 1
#define HAVE_STRDUP 1
#define HAVE_STRERROR 1
#define HAVE_STRRCHR 1
#define HAVE_STRSTR 1
#define HAVE_RMDIR 1
#define HAVE_SETENV 1
#define HAVE_DLFCN_H 1
#define LT_OBJDIR ".libs/"

configure: exit 0
